<?xml version="1.0" encoding="UTF-8"?>
<!-- Generated by org.testng.reporters.JUnitXMLReporter -->
<testsuite ignored="0" hostname="SHUBHAM" failures="0" tests="3" name="Default test" time="27.209" errors="0" timestamp="2025-11-09T10:03:14 IST">
  <testcase classname="campaigntest.CreateCampaignTest" name="createCampaignWithExpectedCloseDateTest" time="2.005"/>
  <testcase classname="campaigntest.CreateCampaignTest" name="createCampaignWithMandatoryFieldsTest" time="1.17"/>
  <testcase classname="campaigntest.CreateCampaignTest" name="createCampaignWithStatusTest" time="1.225"/>
</testsuite> <!-- Default test -->
