<?xml version="1.0" encoding="UTF-8"?>
<!-- Generated by org.testng.reporters.JUnitXMLReporter -->
<testsuite ignored="0" hostname="SHUBHAM" failures="0" tests="3" name="Test" time="143.177" errors="0" timestamp="2025-10-30T20:33:05 IST">
  <testcase classname="campaigntest.CreateCampaignTest" name="createCampaignWithExpectedCloseDateTest" time="3.403"/>
  <testcase classname="campaigntest.CreateCampaignTest" name="createCampaignWithMandatoryFieldsTest" time="1.961"/>
  <testcase classname="campaigntest.CreateCampaignTest" name="createCampaignWithStatusTest" time="2.564"/>
</testsuite> <!-- Test -->
