<?xml version="1.0" encoding="UTF-8"?>
<testng-results ignored="0" total="1" passed="1" failed="0" skipped="0">
  <reporter-output>
  </reporter-output>
  <suite started-at="2025-11-13T11:56:33 IST" name="Suite" finished-at="2025-11-13T11:56:34 IST" duration-ms="106">
    <groups>
    </groups>
    <test started-at="2025-11-13T11:56:33 IST" name="Test" finished-at="2025-11-13T11:56:34 IST" duration-ms="106">
      <class name="TestNG.WorkingWithParameters">
        <test-method signature="test(java.lang.String)[pri:0, instance:TestNG.WorkingWithParameters@f5958c9]" started-at="2025-11-13T11:56:34 IST" name="test" finished-at="2025-11-13T11:56:34 IST" duration-ms="20" status="PASS">
          <params>
            <param index="0">
              <value>
                <![CDATA[chrome]]>
              </value>
            </param>
          </params>
          <reporter-output>
          </reporter-output>
        </test-method> <!-- test -->
      </class> <!-- TestNG.WorkingWithParameters -->
    </test> <!-- Test -->
  </suite> <!-- Suite -->
</testng-results>
