<?xml version="1.0" encoding="UTF-8"?>
<testng-results ignored="0" total="3" passed="3" failed="0" skipped="0">
  <reporter-output>
  </reporter-output>
  <suite started-at="2025-11-09T10:02:47 IST" name="Default suite" finished-at="2025-11-09T10:03:14 IST" duration-ms="27209">
    <groups>
      <group name="smoke">
        <method signature="CreateCampaignTest.createCampaignWithExpectedCloseDateTest()[pri:0, instance:campaigntest.CreateCampaignTest@3c3d9b6b]" name="createCampaignWithExpectedCloseDateTest" class="campaigntest.CreateCampaignTest"/>
        <method signature="CreateCampaignTest.createCampaignWithMandatoryFieldsTest()[pri:0, instance:campaigntest.CreateCampaignTest@3c3d9b6b]" name="createCampaignWithMandatoryFieldsTest" class="campaigntest.CreateCampaignTest"/>
        <method signature="CreateCampaignTest.createCampaignWithStatusTest()[pri:0, instance:campaigntest.CreateCampaignTest@3c3d9b6b]" name="createCampaignWithStatusTest" class="campaigntest.CreateCampaignTest"/>
      </group> <!-- smoke -->
    </groups>
    <test started-at="2025-11-09T10:02:47 IST" name="Default test" finished-at="2025-11-09T10:03:14 IST" duration-ms="27209">
      <class name="campaigntest.CreateCampaignTest">
        <test-method is-config="true" signature="beforeSuite()[pri:0, instance:campaigntest.CreateCampaignTest@3c3d9b6b]" started-at="2025-11-09T10:02:47 IST" name="beforeSuite" finished-at="2025-11-09T10:02:47 IST" duration-ms="9" status="PASS">
          <reporter-output>
          </reporter-output>
        </test-method> <!-- beforeSuite -->
        <test-method is-config="true" signature="beforeTest()[pri:0, instance:campaigntest.CreateCampaignTest@3c3d9b6b]" started-at="2025-11-09T10:02:47 IST" name="beforeTest" finished-at="2025-11-09T10:02:47 IST" duration-ms="1" status="PASS">
          <reporter-output>
          </reporter-output>
        </test-method> <!-- beforeTest -->
        <test-method is-config="true" signature="beforeClass()[pri:0, instance:campaigntest.CreateCampaignTest@3c3d9b6b]" started-at="2025-11-09T10:02:47 IST" name="beforeClass" finished-at="2025-11-09T10:02:50 IST" duration-ms="3162" status="PASS">
          <reporter-output>
          </reporter-output>
        </test-method> <!-- beforeClass -->
        <test-method is-config="true" signature="beforeMethod()[pri:0, instance:campaigntest.CreateCampaignTest@3c3d9b6b]" started-at="2025-11-09T10:02:50 IST" name="beforeMethod" finished-at="2025-11-09T10:03:06 IST" duration-ms="15649" status="PASS">
          <reporter-output>
          </reporter-output>
        </test-method> <!-- beforeMethod -->
        <test-method signature="createCampaignWithExpectedCloseDateTest()[pri:0, instance:campaigntest.CreateCampaignTest@3c3d9b6b]" started-at="2025-11-09T10:03:06 IST" name="createCampaignWithExpectedCloseDateTest" finished-at="2025-11-09T10:03:08 IST" duration-ms="2005" status="PASS">
          <reporter-output>
          </reporter-output>
        </test-method> <!-- createCampaignWithExpectedCloseDateTest -->
        <test-method is-config="true" signature="afterMethod()[pri:0, instance:campaigntest.CreateCampaignTest@3c3d9b6b]" started-at="2025-11-09T10:03:08 IST" name="afterMethod" finished-at="2025-11-09T10:03:08 IST" duration-ms="830" status="PASS">
          <reporter-output>
          </reporter-output>
        </test-method> <!-- afterMethod -->
        <test-method is-config="true" signature="beforeMethod()[pri:0, instance:campaigntest.CreateCampaignTest@3c3d9b6b]" started-at="2025-11-09T10:03:08 IST" name="beforeMethod" finished-at="2025-11-09T10:03:09 IST" duration-ms="745" status="PASS">
          <reporter-output>
          </reporter-output>
        </test-method> <!-- beforeMethod -->
        <test-method signature="createCampaignWithMandatoryFieldsTest()[pri:0, instance:campaigntest.CreateCampaignTest@3c3d9b6b]" started-at="2025-11-09T10:03:09 IST" name="createCampaignWithMandatoryFieldsTest" finished-at="2025-11-09T10:03:10 IST" duration-ms="1170" status="PASS">
          <reporter-output>
          </reporter-output>
        </test-method> <!-- createCampaignWithMandatoryFieldsTest -->
        <test-method is-config="true" signature="afterMethod()[pri:0, instance:campaigntest.CreateCampaignTest@3c3d9b6b]" started-at="2025-11-09T10:03:10 IST" name="afterMethod" finished-at="2025-11-09T10:03:11 IST" duration-ms="668" status="PASS">
          <reporter-output>
          </reporter-output>
        </test-method> <!-- afterMethod -->
        <test-method is-config="true" signature="beforeMethod()[pri:0, instance:campaigntest.CreateCampaignTest@3c3d9b6b]" started-at="2025-11-09T10:03:11 IST" name="beforeMethod" finished-at="2025-11-09T10:03:12 IST" duration-ms="820" status="PASS">
          <reporter-output>
          </reporter-output>
        </test-method> <!-- beforeMethod -->
        <test-method signature="createCampaignWithStatusTest()[pri:0, instance:campaigntest.CreateCampaignTest@3c3d9b6b]" started-at="2025-11-09T10:03:12 IST" name="createCampaignWithStatusTest" finished-at="2025-11-09T10:03:13 IST" duration-ms="1225" status="PASS">
          <reporter-output>
          </reporter-output>
        </test-method> <!-- createCampaignWithStatusTest -->
        <test-method is-config="true" signature="afterMethod()[pri:0, instance:campaigntest.CreateCampaignTest@3c3d9b6b]" started-at="2025-11-09T10:03:13 IST" name="afterMethod" finished-at="2025-11-09T10:03:14 IST" duration-ms="683" status="PASS">
          <reporter-output>
          </reporter-output>
        </test-method> <!-- afterMethod -->
        <test-method is-config="true" signature="afterClass()[pri:0, instance:campaigntest.CreateCampaignTest@3c3d9b6b]" started-at="2025-11-09T10:03:14 IST" name="afterClass" finished-at="2025-11-09T10:03:14 IST" duration-ms="204" status="PASS">
          <reporter-output>
          </reporter-output>
        </test-method> <!-- afterClass -->
        <test-method is-config="true" signature="afterTest()[pri:0, instance:campaigntest.CreateCampaignTest@3c3d9b6b]" started-at="2025-11-09T10:03:14 IST" name="afterTest" finished-at="2025-11-09T10:03:14 IST" duration-ms="0" status="PASS">
          <reporter-output>
          </reporter-output>
        </test-method> <!-- afterTest -->
        <test-method is-config="true" signature="afterSuite()[pri:0, instance:campaigntest.CreateCampaignTest@3c3d9b6b]" started-at="2025-11-09T10:03:14 IST" name="afterSuite" finished-at="2025-11-09T10:03:14 IST" duration-ms="0" status="PASS">
          <reporter-output>
          </reporter-output>
        </test-method> <!-- afterSuite -->
      </class> <!-- campaigntest.CreateCampaignTest -->
    </test> <!-- Default test -->
  </suite> <!-- Default suite -->
</testng-results>
