<?xml version="1.0" encoding="UTF-8"?>
<!-- Generated by org.testng.reporters.JUnitReportReporter -->
<testsuite hostname="SHUBHAM" failures="0" tests="3" name="TestNG.WorkingWithHelperAttributes" time="0.007" errors="0" timestamp="2025-10-26T13:25:08 IST" skipped="0">
  <testcase classname="TestNG.WorkingWithHelperAttributes" name="updateProduct" time="0.001">
    <system-out>
      <![CDATA[Product updated]]>
    </system-out>
  </testcase> <!-- updateProduct -->
  <testcase classname="TestNG.WorkingWithHelperAttributes" name="deleteProduct" time="0.001"/>
  <testcase classname="TestNG.WorkingWithHelperAttributes" name="productCreation" time="0.005">
    <system-out>
      <![CDATA[Product created]]>
    </system-out>
  </testcase> <!-- productCreation -->
  <system-out>
    <![CDATA[Product created
Product updated]]>
  </system-out>
</testsuite> <!-- TestNG.WorkingWithHelperAttributes -->
