<?xml version="1.0" encoding="UTF-8"?>
<!-- Generated by org.testng.reporters.JUnitReportReporter -->
<testsuite hostname="SHUBHAM" failures="0" tests="3" name="campaigntest.CreateCampaignTest" time="23.795" errors="0" timestamp="2025-11-09T10:03:14 IST" skipped="0">
  <testcase classname="campaigntest.CreateCampaignTest" name="createCampaignWithExpectedCloseDateTest" time="18.322"/>
  <testcase classname="campaigntest.CreateCampaignTest" name="createCampaignWithMandatoryFieldsTest" time="2.673"/>
  <testcase classname="campaigntest.CreateCampaignTest" name="createCampaignWithStatusTest" time="2.800"/>
</testsuite> <!-- campaigntest.CreateCampaignTest -->
