<?xml version="1.0" encoding="UTF-8"?>
<!-- Generated by org.testng.reporters.JUnitReportReporter -->
<testsuite hostname="SHUBHAM" failures="0" tests="6" name="TestNG.FlowOFTestNG" time="0.011" errors="0" timestamp="2025-10-09T15:38:39 IST" skipped="0">
  <testcase classname="TestNG.FlowOFTestNG" name="m4" time="0.006"/>
  <testcase classname="TestNG.FlowOFTestNG" name="m6" time="0.001"/>
  <testcase classname="TestNG.FlowOFTestNG" name="m5" time="0.001"/>
  <testcase classname="TestNG.FlowOFTestNG" name="m3" time="0.001"/>
  <testcase classname="TestNG.FlowOFTestNG" name="m2" time="0.001"/>
  <testcase classname="TestNG.FlowOFTestNG" name="m1" time="0.001"/>
</testsuite> <!-- TestNG.FlowOFTestNG -->
