<?xml version="1.0" encoding="UTF-8"?>
<!-- Generated by org.testng.reporters.JUnitReportReporter -->
<testsuite hostname="SHUBHAM" failures="0" tests="5" name="TestNG.WorkingWithDataProvider" time="17.217" errors="0" timestamp="2025-10-27T21:09:17 IST" skipped="0">
  <testcase classname="TestNG.WorkingWithDataProvider" name="login" time="5.327"/>
  <testcase classname="TestNG.WorkingWithDataProvider" name="login" time="3.014"/>
  <testcase classname="TestNG.WorkingWithDataProvider" name="login" time="2.874"/>
  <testcase classname="TestNG.WorkingWithDataProvider" name="login" time="3.024"/>
  <testcase classname="TestNG.WorkingWithDataProvider" name="login" time="2.978"/>
</testsuite> <!-- TestNG.WorkingWithDataProvider -->
