<?xml version="1.0" encoding="UTF-8"?>
<!-- Generated by org.testng.reporters.JUnitReportReporter -->
<testsuite hostname="SHUBHAM" failures="0" tests="2" name="TestNG.WorkingWithConfigAnnotations" time="0.009" errors="0" timestamp="2025-10-27T20:31:14 IST" skipped="0">
  <testcase classname="TestNG.WorkingWithConfigAnnotations" name="test2" time="0.003"/>
  <testcase classname="TestNG.WorkingWithConfigAnnotations" name="test1" time="0.006"/>
</testsuite> <!-- TestNG.WorkingWithConfigAnnotations -->
